<?xml version="1.0" encoding="UTF-8"?>
<!-- Generated by org.testng.reporters.JUnitXMLReporter -->
<testsuite ignored="0" hostname="LAPTOP-BDDMPMEF" failures="0" tests="3" name="Default test" time="5.254" errors="0" timestamp="2022-01-07T21:55:00 IST">
  <testcase classname="com.libraryApi.DynamicJson" name="addBook" time="3.335"/>
  <testcase classname="com.libraryApi.DynamicJson" name="addBook" time="0.312"/>
  <testcase classname="com.libraryApi.DynamicJson" name="addBook" time="1.536"/>
</testsuite> <!-- Default test -->
